<?xml version="1.0" encoding="UTF-8"?>
<testng-results ignored="0" total="1" passed="1" failed="0" skipped="0">
  <reporter-output>
  </reporter-output>
  <suite started-at="2024-03-28T01:53:49 IST" name="com.testPack.SampleProject4.TestNGClass" finished-at="2024-03-28T01:53:55 IST" duration-ms="5660">
    <groups>
    </groups>
    <test started-at="2024-03-28T01:53:49 IST" name="Command line test" finished-at="2024-03-28T01:53:55 IST" duration-ms="5660">
      <class name="com.testPack.SampleProject4.TestNGClass">
        <test-method is-config="true" signature="driverSetUp()[pri:0, instance:com.testPack.SampleProject4.TestNGClass@37e547da]" started-at="2024-03-28T01:53:49 IST" name="driverSetUp" finished-at="2024-03-28T01:53:55 IST" duration-ms="5352" status="PASS">
          <reporter-output>
          </reporter-output>
        </test-method> <!-- driverSetUp -->
        <test-method signature="verifyTitle()[pri:0, instance:com.testPack.SampleProject4.TestNGClass@37e547da]" started-at="2024-03-28T01:53:55 IST" name="verifyTitle" finished-at="2024-03-28T01:53:55 IST" duration-ms="14" status="PASS">
          <reporter-output>
          </reporter-output>
        </test-method> <!-- verifyTitle -->
        <test-method is-config="true" signature="tearDown()[pri:0, instance:com.testPack.SampleProject4.TestNGClass@37e547da]" started-at="2024-03-28T01:53:55 IST" name="tearDown" finished-at="2024-03-28T01:53:55 IST" duration-ms="253" status="PASS">
          <reporter-output>
          </reporter-output>
        </test-method> <!-- tearDown -->
      </class> <!-- com.testPack.SampleProject4.TestNGClass -->
    </test> <!-- Command line test -->
  </suite> <!-- com.testPack.SampleProject4.TestNGClass -->
</testng-results>
