<?xml version="1.0" encoding="UTF-8"?>
<testng-results ignored="0" total="1" passed="1" failed="0" skipped="0">
  <reporter-output>
  </reporter-output>
  <suite started-at="2024-03-28T12:21:21 IST" name="Default suite" finished-at="2024-03-28T12:21:24 IST" duration-ms="2995">
    <groups>
    </groups>
    <test started-at="2024-03-28T12:21:21 IST" name="Default test" finished-at="2024-03-28T12:21:24 IST" duration-ms="2995">
      <class name="com.testPack.SampleProject4.TestNGClass">
        <test-method is-config="true" signature="driverSetUp()[pri:0, instance:com.testPack.SampleProject4.TestNGClass@49049a04]" started-at="2024-03-28T12:21:21 IST" name="driverSetUp" finished-at="2024-03-28T12:21:24 IST" duration-ms="2736" status="PASS">
          <reporter-output>
          </reporter-output>
        </test-method> <!-- driverSetUp -->
        <test-method signature="verifyTitle()[pri:0, instance:com.testPack.SampleProject4.TestNGClass@49049a04]" started-at="2024-03-28T12:21:24 IST" name="verifyTitle" finished-at="2024-03-28T12:21:24 IST" duration-ms="17" status="PASS">
          <reporter-output>
          </reporter-output>
        </test-method> <!-- verifyTitle -->
        <test-method is-config="true" signature="tearDown()[pri:0, instance:com.testPack.SampleProject4.TestNGClass@49049a04]" started-at="2024-03-28T12:21:24 IST" name="tearDown" finished-at="2024-03-28T12:21:24 IST" duration-ms="206" status="PASS">
          <reporter-output>
          </reporter-output>
        </test-method> <!-- tearDown -->
      </class> <!-- com.testPack.SampleProject4.TestNGClass -->
    </test> <!-- Default test -->
  </suite> <!-- Default suite -->
</testng-results>
